Determining if the pthread_create exist failed with the following output:
Change Dir: /home/robin/yolov4/darknet-master/build_release/CMakeFiles/CMakeTmp

Run Build Command:"/usr/bin/make" "cmTC_9a71b/fast"
/usr/bin/make -f CMakeFiles/cmTC_9a71b.dir/build.make CMakeFiles/cmTC_9a71b.dir/build
make[1]: Entering directory '/home/robin/yolov4/darknet-master/build_release/CMakeFiles/CMakeTmp'
Building C object CMakeFiles/cmTC_9a71b.dir/CheckSymbolExists.c.o
/usr/bin/cc   -fPIC    -o CMakeFiles/cmTC_9a71b.dir/CheckSymbolExists.c.o   -c /home/robin/yolov4/darknet-master/build_release/CMakeFiles/CMakeTmp/CheckSymbolExists.c
Linking C executable cmTC_9a71b
/opt/cmake-3.13.0/bin/cmake -E cmake_link_script CMakeFiles/cmTC_9a71b.dir/link.txt --verbose=1
/usr/bin/cc -fPIC     CMakeFiles/cmTC_9a71b.dir/CheckSymbolExists.c.o  -o cmTC_9a71b 
CMakeFiles/cmTC_9a71b.dir/CheckSymbolExists.c.o：在函数‘main’中：
CheckSymbolExists.c:(.text+0x1b)：对‘pthread_create’未定义的引用
collect2: error: ld returned 1 exit status
CMakeFiles/cmTC_9a71b.dir/build.make:86: recipe for target 'cmTC_9a71b' failed
make[1]: *** [cmTC_9a71b] Error 1
make[1]: Leaving directory '/home/robin/yolov4/darknet-master/build_release/CMakeFiles/CMakeTmp'
Makefile:121: recipe for target 'cmTC_9a71b/fast' failed
make: *** [cmTC_9a71b/fast] Error 2

File /home/robin/yolov4/darknet-master/build_release/CMakeFiles/CMakeTmp/CheckSymbolExists.c:
/* */
#include <pthread.h>

int main(int argc, char** argv)
{
  (void)argv;
#ifndef pthread_create
  return ((int*)(&pthread_create))[argc];
#else
  (void)argc;
  return 0;
#endif
}

Determining if the function pthread_create exists in the pthreads failed with the following output:
Change Dir: /home/robin/yolov4/darknet-master/build_release/CMakeFiles/CMakeTmp

Run Build Command:"/usr/bin/make" "cmTC_23d6f/fast"
/usr/bin/make -f CMakeFiles/cmTC_23d6f.dir/build.make CMakeFiles/cmTC_23d6f.dir/build
make[1]: Entering directory '/home/robin/yolov4/darknet-master/build_release/CMakeFiles/CMakeTmp'
Building C object CMakeFiles/cmTC_23d6f.dir/CheckFunctionExists.c.o
/usr/bin/cc   -fPIC -DCHECK_FUNCTION_EXISTS=pthread_create   -o CMakeFiles/cmTC_23d6f.dir/CheckFunctionExists.c.o   -c /opt/cmake-3.13.0/share/cmake-3.13/Modules/CheckFunctionExists.c
Linking C executable cmTC_23d6f
/opt/cmake-3.13.0/bin/cmake -E cmake_link_script CMakeFiles/cmTC_23d6f.dir/link.txt --verbose=1
/usr/bin/cc -fPIC -DCHECK_FUNCTION_EXISTS=pthread_create    CMakeFiles/cmTC_23d6f.dir/CheckFunctionExists.c.o  -o cmTC_23d6f -lpthreads 
/usr/bin/ld: 找不到 -lpthreads
collect2: error: ld returned 1 exit status
CMakeFiles/cmTC_23d6f.dir/build.make:86: recipe for target 'cmTC_23d6f' failed
make[1]: *** [cmTC_23d6f] Error 1
make[1]: Leaving directory '/home/robin/yolov4/darknet-master/build_release/CMakeFiles/CMakeTmp'
Makefile:121: recipe for target 'cmTC_23d6f/fast' failed
make: *** [cmTC_23d6f/fast] Error 2


